[INFO] Scanning for projects...
[INFO] ------------------------------------------------------------------------
[INFO] Reactor Build Order:
[INFO] 
[INFO] gr2340                                                             [pom]
[INFO] core                                                               [jar]
[INFO] utility                                                            [jar]
[INFO] ui                                                                 [jar]
[INFO] 
[INFO] ---------------------------< gr2340:gr2340 >----------------------------
[INFO] Building gr2340 1.0-SNAPSHOT                                       [1/4]
[INFO] --------------------------------[ pom ]---------------------------------
[INFO] 
[INFO] --- maven-clean-plugin:2.5:clean (default-clean) @ gr2340 ---
[INFO] 
[INFO] --- maven-install-plugin:2.4:install (default-install) @ gr2340 ---
[INFO] Installing C:\Users\chris\Documents\Coding - NTNU\ITP\gr2340\pom.xml to C:\Users\chris\.m2\repository\gr2340\gr2340\1.0-SNAPSHOT\gr2340-1.0-SNAPSHOT.pom
[INFO] 
[INFO] --------------------------< gr2340.core:core >--------------------------
[INFO] Building core 1.0-SNAPSHOT                                         [2/4]
[INFO] --------------------------------[ jar ]---------------------------------
[INFO] 
[INFO] --- maven-clean-plugin:2.5:clean (default-clean) @ core ---
[INFO] Deleting C:\Users\chris\Documents\Coding - NTNU\ITP\gr2340\core\target
[INFO] 
[INFO] --- maven-resources-plugin:2.6:resources (default-resources) @ core ---
[INFO] Using 'UTF-8' encoding to copy filtered resources.
[INFO] Copying 0 resource
[INFO] 
[INFO] --- maven-compiler-plugin:3.8.1:compile (default-compile) @ core ---
[INFO] Changes detected - recompiling the module!
[INFO] Compiling 3 source files to C:\Users\chris\Documents\Coding - NTNU\ITP\gr2340\core\target\classes
[INFO] 
[INFO] --- maven-resources-plugin:2.6:testResources (default-testResources) @ core ---
[INFO] Using 'UTF-8' encoding to copy filtered resources.
[INFO] skip non existing resourceDirectory C:\Users\chris\Documents\Coding - NTNU\ITP\gr2340\core\src\test\resources
[INFO] 
[INFO] --- maven-compiler-plugin:3.8.1:testCompile (default-testCompile) @ core ---
[INFO] Changes detected - recompiling the module!
[INFO] Compiling 2 source files to C:\Users\chris\Documents\Coding - NTNU\ITP\gr2340\core\target\test-classes
[INFO] 
[INFO] --- jacoco-maven-plugin:0.8.7:prepare-agent (jacoco-prepare-agent) @ core ---
[INFO] argLine set to "-javaagent:C:\\Users\\chris\\.m2\\repository\\org\\jacoco\\org.jacoco.agent\\0.8.7\\org.jacoco.agent-0.8.7-runtime.jar=destfile=C:\\Users\\chris\\Documents\\Coding - NTNU\\ITP\\gr2340\\core\\target\\jacoco.exec"
[INFO] 
[INFO] --- maven-surefire-plugin:3.0.0-M5:test (default-test) @ core ---
[INFO] 
[INFO] -------------------------------------------------------
[INFO]  T E S T S
[INFO] -------------------------------------------------------
[INFO] Running core.CalculationTest
[INFO] Tests run: 6, Failures: 0, Errors: 0, Skipped: 0, Time elapsed: 0.209 s - in core.CalculationTest
[INFO] Running core.CategoryTest
[INFO] Tests run: 2, Failures: 0, Errors: 0, Skipped: 0, Time elapsed: 0.008 s - in core.CategoryTest
[INFO] 
[INFO] Results:
[INFO] 
[INFO] Tests run: 8, Failures: 0, Errors: 0, Skipped: 0
[INFO] 
[INFO] 
[INFO] --- maven-jar-plugin:2.4:jar (default-jar) @ core ---
[INFO] Building jar: C:\Users\chris\Documents\Coding - NTNU\ITP\gr2340\core\target\core-1.0-SNAPSHOT.jar
[INFO] 
[INFO] --- maven-checkstyle-plugin:3.1.1:check (checkstyle-check) @ core ---
[INFO] Starting audit...
[WARN] C:\Users\chris\Documents\Coding - NTNU\ITP\gr2340\core\src\main\java\core\Calculation.java:5: Summary javadoc is missing. [SummaryJavadoc]
[WARN] C:\Users\chris\Documents\Coding - NTNU\ITP\gr2340\core\src\main\java\core\Calculation.java:10:5: 'member def modifier' has incorrect indentation level 4, expected level should be 2. [Indentation]
[WARN] C:\Users\chris\Documents\Coding - NTNU\ITP\gr2340\core\src\main\java\core\Calculation.java:12:5: 'ctor def modifier' has incorrect indentation level 4, expected level should be 2. [Indentation]
[WARN] C:\Users\chris\Documents\Coding - NTNU\ITP\gr2340\core\src\main\java\core\Calculation.java:12:5: Missing a Javadoc comment. [MissingJavadocMethod]
[WARN] C:\Users\chris\Documents\Coding - NTNU\ITP\gr2340\core\src\main\java\core\Calculation.java:13:9: 'ctor def' child has incorrect indentation level 8, expected level should be 4. [Indentation]
[WARN] C:\Users\chris\Documents\Coding - NTNU\ITP\gr2340\core\src\main\java\core\Calculation.java:14:9: 'ctor def' child has incorrect indentation level 8, expected level should be 4. [Indentation]
[WARN] C:\Users\chris\Documents\Coding - NTNU\ITP\gr2340\core\src\main\java\core\Calculation.java:15:9: 'ctor def' child has incorrect indentation level 8, expected level should be 4. [Indentation]
[WARN] C:\Users\chris\Documents\Coding - NTNU\ITP\gr2340\core\src\main\java\core\Calculation.java:16:9: 'ctor def' child has incorrect indentation level 8, expected level should be 4. [Indentation]
[WARN] C:\Users\chris\Documents\Coding - NTNU\ITP\gr2340\core\src\main\java\core\Calculation.java:17:9: 'ctor def' child has incorrect indentation level 8, expected level should be 4. [Indentation]
[WARN] C:\Users\chris\Documents\Coding - NTNU\ITP\gr2340\core\src\main\java\core\Calculation.java:18:5: 'ctor def rcurly' has incorrect indentation level 4, expected level should be 2. [Indentation]
[WARN] C:\Users\chris\Documents\Coding - NTNU\ITP\gr2340\core\src\main\java\core\Calculation.java:20:5: 'method def modifier' has incorrect indentation level 4, expected level should be 2. [Indentation]
[WARN] C:\Users\chris\Documents\Coding - NTNU\ITP\gr2340\core\src\main\java\core\Calculation.java:20:5: Missing a Javadoc comment. [MissingJavadocMethod]
[WARN] C:\Users\chris\Documents\Coding - NTNU\ITP\gr2340\core\src\main\java\core\Calculation.java:21:9: 'if' has incorrect indentation level 8, expected level should be 4. [Indentation]
[WARN] C:\Users\chris\Documents\Coding - NTNU\ITP\gr2340\core\src\main\java\core\Calculation.java:22:13: 'if' child has incorrect indentation level 12, expected level should be 6. [Indentation]
[WARN] C:\Users\chris\Documents\Coding - NTNU\ITP\gr2340\core\src\main\java\core\Calculation.java:23:9: 'if rcurly' has incorrect indentation level 8, expected level should be 4. [Indentation]
[WARN] C:\Users\chris\Documents\Coding - NTNU\ITP\gr2340\core\src\main\java\core\Calculation.java:25:9: 'method def' child has incorrect indentation level 8, expected level should be 4. [Indentation]
[WARN] C:\Users\chris\Documents\Coding - NTNU\ITP\gr2340\core\src\main\java\core\Calculation.java:27:5: 'method def rcurly' has incorrect indentation level 4, expected level should be 2. [Indentation]
[WARN] C:\Users\chris\Documents\Coding - NTNU\ITP\gr2340\core\src\main\java\core\Calculation.java:29:5: 'method def modifier' has incorrect indentation level 4, expected level should be 2. [Indentation]
[WARN] C:\Users\chris\Documents\Coding - NTNU\ITP\gr2340\core\src\main\java\core\Calculation.java:30:9: 'method def' child has incorrect indentation level 8, expected level should be 4. [Indentation]
[WARN] C:\Users\chris\Documents\Coding - NTNU\ITP\gr2340\core\src\main\java\core\Calculation.java:31:5: 'method def rcurly' has incorrect indentation level 4, expected level should be 2. [Indentation]
[WARN] C:\Users\chris\Documents\Coding - NTNU\ITP\gr2340\core\src\main\java\core\Calculation.java:34:5: 'method def modifier' has incorrect indentation level 4, expected level should be 2. [Indentation]
[WARN] C:\Users\chris\Documents\Coding - NTNU\ITP\gr2340\core\src\main\java\core\Calculation.java:34:40: Parameter name 'CategoryName' must match pattern '^[a-z]([a-z0-9][a-zA-Z0-9]*)?$'. [ParameterName]
[WARN] C:\Users\chris\Documents\Coding - NTNU\ITP\gr2340\core\src\main\java\core\Calculation.java:35:9: 'method def' child has incorrect indentation level 8, expected level should be 4. [Indentation]
[WARN] C:\Users\chris\Documents\Coding - NTNU\ITP\gr2340\core\src\main\java\core\Calculation.java:35:80: '.' should be on a new line. [SeparatorWrapDot]
[WARN] C:\Users\chris\Documents\Coding - NTNU\ITP\gr2340\core\src\main\java\core\Calculation.java:37:5: 'method def rcurly' has incorrect indentation level 4, expected level should be 2. [Indentation]
[WARN] C:\Users\chris\Documents\Coding - NTNU\ITP\gr2340\core\src\main\java\core\Calculation.java:39:5: 'method def modifier' has incorrect indentation level 4, expected level should be 2. [Indentation]
[WARN] C:\Users\chris\Documents\Coding - NTNU\ITP\gr2340\core\src\main\java\core\Calculation.java:39:5: Missing a Javadoc comment. [MissingJavadocMethod]
[WARN] C:\Users\chris\Documents\Coding - NTNU\ITP\gr2340\core\src\main\java\core\Calculation.java:41:9: 'method def' child has incorrect indentation level 8, expected level should be 4. [Indentation]
[WARN] C:\Users\chris\Documents\Coding - NTNU\ITP\gr2340\core\src\main\java\core\Calculation.java:43:9: 'for' has incorrect indentation level 8, expected level should be 4. [Indentation]
[WARN] C:\Users\chris\Documents\Coding - NTNU\ITP\gr2340\core\src\main\java\core\Calculation.java:44:13: 'for' child has incorrect indentation level 12, expected level should be 6. [Indentation]
[WARN] C:\Users\chris\Documents\Coding - NTNU\ITP\gr2340\core\src\main\java\core\Calculation.java:45:9: 'for rcurly' has incorrect indentation level 8, expected level should be 4. [Indentation]
[WARN] C:\Users\chris\Documents\Coding - NTNU\ITP\gr2340\core\src\main\java\core\Calculation.java:47:9: 'method def' child has incorrect indentation level 8, expected level should be 4. [Indentation]
[WARN] C:\Users\chris\Documents\Coding - NTNU\ITP\gr2340\core\src\main\java\core\Calculation.java:49:5: 'method def rcurly' has incorrect indentation level 4, expected level should be 2. [Indentation]
[WARN] C:\Users\chris\Documents\Coding - NTNU\ITP\gr2340\core\src\main\java\core\Calculation.java:52:5: 'method def modifier' has incorrect indentation level 4, expected level should be 2. [Indentation]
[WARN] C:\Users\chris\Documents\Coding - NTNU\ITP\gr2340\core\src\main\java\core\Calculation.java:53:9: 'method def' child has incorrect indentation level 8, expected level should be 4. [Indentation]
[WARN] C:\Users\chris\Documents\Coding - NTNU\ITP\gr2340\core\src\main\java\core\Calculation.java:54:5: 'method def rcurly' has incorrect indentation level 4, expected level should be 2. [Indentation]
[WARN] C:\Users\chris\Documents\Coding - NTNU\ITP\gr2340\core\src\main\java\core\Calculation.java:56:5: 'method def modifier' has incorrect indentation level 4, expected level should be 2. [Indentation]
[WARN] C:\Users\chris\Documents\Coding - NTNU\ITP\gr2340\core\src\main\java\core\Calculation.java:57:9: 'method def' child has incorrect indentation level 8, expected level should be 4. [Indentation]
[WARN] C:\Users\chris\Documents\Coding - NTNU\ITP\gr2340\core\src\main\java\core\Calculation.java:58:5: 'method def rcurly' has incorrect indentation level 4, expected level should be 2. [Indentation]
[WARN] C:\Users\chris\Documents\Coding - NTNU\ITP\gr2340\core\src\main\java\core\Calculation.java:61:5: 'method def modifier' has incorrect indentation level 4, expected level should be 2. [Indentation]
[WARN] C:\Users\chris\Documents\Coding - NTNU\ITP\gr2340\core\src\main\java\core\Calculation.java:61:5: Missing a Javadoc comment. [MissingJavadocMethod]
[WARN] C:\Users\chris\Documents\Coding - NTNU\ITP\gr2340\core\src\main\java\core\Calculation.java:62:9: 'method def' child has incorrect indentation level 8, expected level should be 4. [Indentation]
[WARN] C:\Users\chris\Documents\Coding - NTNU\ITP\gr2340\core\src\main\java\core\Calculation.java:63:9: 'method def' child has incorrect indentation level 8, expected level should be 4. [Indentation]
[WARN] C:\Users\chris\Documents\Coding - NTNU\ITP\gr2340\core\src\main\java\core\Calculation.java:64:9: 'method def' child has incorrect indentation level 8, expected level should be 4. [Indentation]
[WARN] C:\Users\chris\Documents\Coding - NTNU\ITP\gr2340\core\src\main\java\core\Calculation.java:65:9: 'method def' child has incorrect indentation level 8, expected level should be 4. [Indentation]
[WARN] C:\Users\chris\Documents\Coding - NTNU\ITP\gr2340\core\src\main\java\core\Calculation.java:68:5: 'method def rcurly' has incorrect indentation level 4, expected level should be 2. [Indentation]
[WARN] C:\Users\chris\Documents\Coding - NTNU\ITP\gr2340\core\src\main\java\core\Category.java:5:1: Missing a Javadoc comment. [MissingJavadocType]
[WARN] C:\Users\chris\Documents\Coding - NTNU\ITP\gr2340\core\src\main\java\core\Category.java:7:5: 'member def modifier' has incorrect indentation level 4, expected level should be 2. [Indentation]
[WARN] C:\Users\chris\Documents\Coding - NTNU\ITP\gr2340\core\src\main\java\core\Category.java:8:5: 'member def modifier' has incorrect indentation level 4, expected level should be 2. [Indentation]
[WARN] C:\Users\chris\Documents\Coding - NTNU\ITP\gr2340\core\src\main\java\core\Category.java:9:5: 'member def modifier' has incorrect indentation level 4, expected level should be 2. [Indentation]
[WARN] C:\Users\chris\Documents\Coding - NTNU\ITP\gr2340\core\src\main\java\core\Category.java:11:5: 'ctor def modifier' has incorrect indentation level 4, expected level should be 2. [Indentation]
[WARN] C:\Users\chris\Documents\Coding - NTNU\ITP\gr2340\core\src\main\java\core\Category.java:12:9: 'ctor def' child has incorrect indentation level 8, expected level should be 4. [Indentation]
[WARN] C:\Users\chris\Documents\Coding - NTNU\ITP\gr2340\core\src\main\java\core\Category.java:13:9: 'ctor def' child has incorrect indentation level 8, expected level should be 4. [Indentation]
[WARN] C:\Users\chris\Documents\Coding - NTNU\ITP\gr2340\core\src\main\java\core\Category.java:14:5: 'ctor def rcurly' has incorrect indentation level 4, expected level should be 2. [Indentation]
[WARN] C:\Users\chris\Documents\Coding - NTNU\ITP\gr2340\core\src\main\java\core\Category.java:16:5: 'ctor def modifier' has incorrect indentation level 4, expected level should be 2. [Indentation]
[WARN] C:\Users\chris\Documents\Coding - NTNU\ITP\gr2340\core\src\main\java\core\Category.java:17:9: 'ctor def' child has incorrect indentation level 8, expected level should be 4. [Indentation]
[WARN] C:\Users\chris\Documents\Coding - NTNU\ITP\gr2340\core\src\main\java\core\Category.java:18:9: 'ctor def' child has incorrect indentation level 8, expected level should be 4. [Indentation]
[WARN] C:\Users\chris\Documents\Coding - NTNU\ITP\gr2340\core\src\main\java\core\Category.java:19:5: 'ctor def rcurly' has incorrect indentation level 4, expected level should be 2. [Indentation]
[WARN] C:\Users\chris\Documents\Coding - NTNU\ITP\gr2340\core\src\main\java\core\Category.java:22:5: 'method def modifier' has incorrect indentation level 4, expected level should be 2. [Indentation]
[WARN] C:\Users\chris\Documents\Coding - NTNU\ITP\gr2340\core\src\main\java\core\Category.java:23:9: 'method def' child has incorrect indentation level 8, expected level should be 4. [Indentation]
[WARN] C:\Users\chris\Documents\Coding - NTNU\ITP\gr2340\core\src\main\java\core\Category.java:24:5: 'method def rcurly' has incorrect indentation level 4, expected level should be 2. [Indentation]
[WARN] C:\Users\chris\Documents\Coding - NTNU\ITP\gr2340\core\src\main\java\core\Category.java:26:5: 'method def modifier' has incorrect indentation level 4, expected level should be 2. [Indentation]
[WARN] C:\Users\chris\Documents\Coding - NTNU\ITP\gr2340\core\src\main\java\core\Category.java:27:9: 'method def' child has incorrect indentation level 8, expected level should be 4. [Indentation]
[WARN] C:\Users\chris\Documents\Coding - NTNU\ITP\gr2340\core\src\main\java\core\Category.java:28:5: 'method def rcurly' has incorrect indentation level 4, expected level should be 2. [Indentation]
[WARN] C:\Users\chris\Documents\Coding - NTNU\ITP\gr2340\core\src\main\java\core\Category.java:30:5: 'method def modifier' has incorrect indentation level 4, expected level should be 2. [Indentation]
[WARN] C:\Users\chris\Documents\Coding - NTNU\ITP\gr2340\core\src\main\java\core\Category.java:31: Line is longer than 100 characters (found 117). [LineLength]
[WARN] C:\Users\chris\Documents\Coding - NTNU\ITP\gr2340\core\src\main\java\core\Category.java:31:9: 'method def' child has incorrect indentation level 8, expected level should be 4. [Indentation]
[WARN] C:\Users\chris\Documents\Coding - NTNU\ITP\gr2340\core\src\main\java\core\Category.java:32:9: 'method def' child has incorrect indentation level 8, expected level should be 4. [Indentation]
[WARN] C:\Users\chris\Documents\Coding - NTNU\ITP\gr2340\core\src\main\java\core\Category.java:33:5: 'method def rcurly' has incorrect indentation level 4, expected level should be 2. [Indentation]
[WARN] C:\Users\chris\Documents\Coding - NTNU\ITP\gr2340\core\src\main\java\core\Category.java:35:5: 'method def modifier' has incorrect indentation level 4, expected level should be 2. [Indentation]
[WARN] C:\Users\chris\Documents\Coding - NTNU\ITP\gr2340\core\src\main\java\core\Category.java:36:9: 'method def' child has incorrect indentation level 8, expected level should be 4. [Indentation]
[WARN] C:\Users\chris\Documents\Coding - NTNU\ITP\gr2340\core\src\main\java\core\Category.java:37:5: 'method def rcurly' has incorrect indentation level 4, expected level should be 2. [Indentation]
[WARN] C:\Users\chris\Documents\Coding - NTNU\ITP\gr2340\core\src\main\java\core\Category.java:41:5: 'method def modifier' has incorrect indentation level 4, expected level should be 2. [Indentation]
[WARN] C:\Users\chris\Documents\Coding - NTNU\ITP\gr2340\core\src\main\java\core\Category.java:43:9: 'method def' child has incorrect indentation level 8, expected level should be 4. [Indentation]
[WARN] C:\Users\chris\Documents\Coding - NTNU\ITP\gr2340\core\src\main\java\core\Category.java:44:5: 'method def rcurly' has incorrect indentation level 4, expected level should be 2. [Indentation]
Audit done.
[INFO] You have 0 Checkstyle violations.
[INFO] 
[INFO] --- jacoco-maven-plugin:0.8.7:report (jacoco-report) @ core ---
[INFO] Loading execution data file C:\Users\chris\Documents\Coding - NTNU\ITP\gr2340\core\target\jacoco.exec
[INFO] Analyzed bundle 'core' with 2 classes
[INFO] 
[INFO] --- maven-install-plugin:2.4:install (default-install) @ core ---
[INFO] Installing C:\Users\chris\Documents\Coding - NTNU\ITP\gr2340\core\target\core-1.0-SNAPSHOT.jar to C:\Users\chris\.m2\repository\gr2340\core\core\1.0-SNAPSHOT\core-1.0-SNAPSHOT.jar
[INFO] Installing C:\Users\chris\Documents\Coding - NTNU\ITP\gr2340\core\pom.xml to C:\Users\chris\.m2\repository\gr2340\core\core\1.0-SNAPSHOT\core-1.0-SNAPSHOT.pom
[INFO] 
[INFO] -----------------------< gr2340.utility:utility >-----------------------
[INFO] Building utility 1.0-SNAPSHOT                                      [3/4]
[INFO] --------------------------------[ jar ]---------------------------------
[INFO] 
[INFO] --- maven-clean-plugin:2.5:clean (default-clean) @ utility ---
[INFO] Deleting C:\Users\chris\Documents\Coding - NTNU\ITP\gr2340\utility\target
[INFO] 
[INFO] --- maven-resources-plugin:2.6:resources (default-resources) @ utility ---
[INFO] Using 'UTF-8' encoding to copy filtered resources.
[INFO] Copying 1 resource
[INFO] 
[INFO] --- maven-compiler-plugin:3.11.0:compile (default-compile) @ utility ---
[INFO] Changes detected - recompiling the module! :dependency
[INFO] Compiling 3 source files with javac [debug release 17 module-path] to target\classes
[WARNING] /C:/Users/chris/Documents/Coding - NTNU/ITP/gr2340/utility/src/main/java/module-info.java:[1,8] module name component gr2340 should avoid terminal digits
[WARNING] /C:/Users/chris/Documents/Coding - NTNU/ITP/gr2340/utility/src/main/java/module-info.java:[6,60] module not found: gr2340.ui
[INFO] 
[INFO] --- maven-resources-plugin:2.6:testResources (default-testResources) @ utility ---
[INFO] Using 'UTF-8' encoding to copy filtered resources.
[INFO] skip non existing resourceDirectory C:\Users\chris\Documents\Coding - NTNU\ITP\gr2340\utility\src\test\resources
[INFO] 
[INFO] --- maven-compiler-plugin:3.11.0:testCompile (default-testCompile) @ utility ---
[INFO] Changes detected - recompiling the module! :dependency
[INFO] 
[INFO] --- maven-surefire-plugin:3.0.0-M5:test (default-test) @ utility ---
[INFO] 
[INFO] --- maven-jar-plugin:2.4:jar (default-jar) @ utility ---
[INFO] Building jar: C:\Users\chris\Documents\Coding - NTNU\ITP\gr2340\utility\target\utility-1.0-SNAPSHOT.jar
[INFO] 
[INFO] --- maven-install-plugin:2.4:install (default-install) @ utility ---
[INFO] Installing C:\Users\chris\Documents\Coding - NTNU\ITP\gr2340\utility\target\utility-1.0-SNAPSHOT.jar to C:\Users\chris\.m2\repository\gr2340\utility\utility\1.0-SNAPSHOT\utility-1.0-SNAPSHOT.jar
[INFO] Installing C:\Users\chris\Documents\Coding - NTNU\ITP\gr2340\utility\pom.xml to C:\Users\chris\.m2\repository\gr2340\utility\utility\1.0-SNAPSHOT\utility-1.0-SNAPSHOT.pom
[INFO] 
[INFO] ----------------------------< gr2340.ui:ui >----------------------------
[INFO] Building ui 1.0-SNAPSHOT                                           [4/4]
[INFO] --------------------------------[ jar ]---------------------------------
[INFO] 
[INFO] --- maven-clean-plugin:2.5:clean (default-clean) @ ui ---
[INFO] Deleting C:\Users\chris\Documents\Coding - NTNU\ITP\gr2340\ui\target
[INFO] 
[INFO] --- maven-resources-plugin:2.6:resources (default-resources) @ ui ---
[INFO] Using 'UTF-8' encoding to copy filtered resources.
[INFO] Copying 6 resources
[INFO] 
[INFO] --- maven-compiler-plugin:3.11.0:compile (default-compile) @ ui ---
[INFO] Changes detected - recompiling the module! :dependency
[INFO] Compiling 5 source files with javac [debug release 17 module-path] to target\classes
[WARNING] /C:/Users/chris/Documents/Coding - NTNU/ITP/gr2340/ui/src/main/java/module-info.java:[1,8] module name component gr2340 should avoid terminal digits
[INFO] 
[INFO] --- maven-resources-plugin:2.6:testResources (default-testResources) @ ui ---
[INFO] Using 'UTF-8' encoding to copy filtered resources.
[INFO] skip non existing resourceDirectory C:\Users\chris\Documents\Coding - NTNU\ITP\gr2340\ui\src\test\resources
[INFO] 
[INFO] --- maven-compiler-plugin:3.11.0:testCompile (default-testCompile) @ ui ---
[INFO] Changes detected - recompiling the module! :dependency
[INFO] Compiling 2 source files with javac [debug release 17 module-path] to target\test-classes
[INFO] /C:/Users/chris/Documents/Coding - NTNU/ITP/gr2340/ui/src/test/java/ui/TestFXBase.java: C:\Users\chris\Documents\Coding - NTNU\ITP\gr2340\ui\src\test\java\ui\TestFXBase.java uses unchecked or unsafe operations.
[INFO] /C:/Users/chris/Documents/Coding - NTNU/ITP/gr2340/ui/src/test/java/ui/TestFXBase.java: Recompile with -Xlint:unchecked for details.
[INFO] 
[INFO] --- jacoco-maven-plugin:0.8.8:prepare-agent (jacoco-prepare-agent) @ ui ---
[INFO] jaCoCoArgLine set to "-javaagent:C:\\Users\\chris\\.m2\\repository\\org\\jacoco\\org.jacoco.agent\\0.8.8\\org.jacoco.agent-0.8.8-runtime.jar=destfile=C:\\Users\\chris\\Documents\\Coding - NTNU\\ITP\\gr2340\\ui\\target\\jacoco.exec"
[INFO] 
[INFO] --- maven-surefire-plugin:3.0.0-M5:test (default-test) @ ui ---
[INFO] 
[INFO] -------------------------------------------------------
[INFO]  T E S T S
[INFO] -------------------------------------------------------
[ERROR] Error occurred during initialization of boot layer
[INFO] 
[INFO] Results:
[INFO] 
[INFO] Tests run: 0, Failures: 0, Errors: 0, Skipped: 0
[INFO] 
[WARNING] Corrupted STDOUT by directly writing to native stream in forked JVM 1. See FAQ web page and the dump file C:\Users\chris\Documents\Coding - NTNU\ITP\gr2340\ui\target\surefire-reports\2023-10-09T20-15-58_264-jvmRun1.dumpstream
[INFO] ------------------------------------------------------------------------
[INFO] Reactor Summary for gr2340 1.0-SNAPSHOT:
[INFO] 
[INFO] gr2340 ............................................. SUCCESS [  0.335 s]
[INFO] core ............................................... SUCCESS [  8.857 s]
[INFO] utility ............................................ SUCCESS [  0.785 s]
[INFO] ui ................................................. FAILURE [  4.466 s]
[INFO] ------------------------------------------------------------------------
[INFO] BUILD FAILURE
[INFO] ------------------------------------------------------------------------
[INFO] Total time:  14.564 s
[INFO] Finished at: 2023-10-09T20:16:09+02:00
[INFO] ------------------------------------------------------------------------
[ERROR] Failed to execute goal org.apache.maven.plugins:maven-surefire-plugin:3.0.0-M5:test (default-test) on project ui: There are test failures.
[ERROR] 
[ERROR] Please refer to C:\Users\chris\Documents\Coding - NTNU\ITP\gr2340\ui\target\surefire-reports for the individual test results.
[ERROR] Please refer to dump files (if any exist) [date].dump, [date]-jvmRun[N].dump and [date].dumpstream.
[ERROR] ExecutionException The forked VM terminated without properly saying goodbye. VM crash or System.exit called?
[ERROR] Command was cmd.exe /X /C ""C:\Program Files\Eclipse Adoptium\jdk-17.0.5.8-hotspot\bin\java" "-javaagent:C:\\Users\\chris\\.m2\\repository\\org\\jacoco\\org.jacoco.agent\\0.8.8\\org.jacoco.agent-0.8.8-runtime.jar=destfile=C:\\Users\\chris\\Documents\\Coding - NTNU\\ITP\\gr2340\\ui\\target\\jacoco.exec" -Dtestfx.robot=awt --add-opens ui=ALL-UNNAMED --add-exports javafx.graphics/com.sun.javafx.application=ALL-UNNAMED --add-opens javafx.graphics/com.sun.glass.ui=ALL-UNNAMED --add-exports javafx.graphics/com.sun.glass.ui=ALL-UNNAMED --add-exports javafx.graphics/com.sun.glass.ui.delegate=ALL-UNNAMED @C:\Users\chris\AppData\Local\Temp\surefire11617504130207994908\surefireargs4567854356556580887 C:\Users\chris\AppData\Local\Temp\surefire11617504130207994908 2023-10-09T20-15-58_264-jvmRun1 surefire16048678516322299681tmp surefire_13199171493569319770tmp"
[ERROR] Error occurred in starting fork, check output in log
[ERROR] Process Exit Code: 1
[ERROR] org.apache.maven.surefire.booter.SurefireBooterForkException: ExecutionException The forked VM terminated without properly saying goodbye. VM crash or System.exit called?
[ERROR] Command was cmd.exe /X /C ""C:\Program Files\Eclipse Adoptium\jdk-17.0.5.8-hotspot\bin\java" "-javaagent:C:\\Users\\chris\\.m2\\repository\\org\\jacoco\\org.jacoco.agent\\0.8.8\\org.jacoco.agent-0.8.8-runtime.jar=destfile=C:\\Users\\chris\\Documents\\Coding - NTNU\\ITP\\gr2340\\ui\\target\\jacoco.exec" -Dtestfx.robot=awt --add-opens ui=ALL-UNNAMED --add-exports javafx.graphics/com.sun.javafx.application=ALL-UNNAMED --add-opens javafx.graphics/com.sun.glass.ui=ALL-UNNAMED --add-exports javafx.graphics/com.sun.glass.ui=ALL-UNNAMED --add-exports javafx.graphics/com.sun.glass.ui.delegate=ALL-UNNAMED @C:\Users\chris\AppData\Local\Temp\surefire11617504130207994908\surefireargs4567854356556580887 C:\Users\chris\AppData\Local\Temp\surefire11617504130207994908 2023-10-09T20-15-58_264-jvmRun1 surefire16048678516322299681tmp surefire_13199171493569319770tmp"
[ERROR] Error occurred in starting fork, check output in log
[ERROR] Process Exit Code: 1
[ERROR] 	at org.apache.maven.plugin.surefire.booterclient.ForkStarter.awaitResultsDone(ForkStarter.java:532)
[ERROR] 	at org.apache.maven.plugin.surefire.booterclient.ForkStarter.runSuitesForkOnceMultiple(ForkStarter.java:405)
[ERROR] 	at org.apache.maven.plugin.surefire.booterclient.ForkStarter.run(ForkStarter.java:321)
[ERROR] 	at org.apache.maven.plugin.surefire.booterclient.ForkStarter.run(ForkStarter.java:266)
[ERROR] 	at org.apache.maven.plugin.surefire.AbstractSurefireMojo.executeProvider(AbstractSurefireMojo.java:1314)
[ERROR] 	at org.apache.maven.plugin.surefire.AbstractSurefireMojo.executeAfterPreconditionsChecked(AbstractSurefireMojo.java:1159)
[ERROR] 	at org.apache.maven.plugin.surefire.AbstractSurefireMojo.execute(AbstractSurefireMojo.java:932)
[ERROR] 	at org.apache.maven.plugin.DefaultBuildPluginManager.executeMojo(DefaultBuildPluginManager.java:137)
[ERROR] 	at org.apache.maven.lifecycle.internal.MojoExecutor.doExecute2(MojoExecutor.java:370)
[ERROR] 	at org.apache.maven.lifecycle.internal.MojoExecutor.doExecute(MojoExecutor.java:351)
[ERROR] 	at org.apache.maven.lifecycle.internal.MojoExecutor.execute(MojoExecutor.java:215)
[ERROR] 	at org.apache.maven.lifecycle.internal.MojoExecutor.execute(MojoExecutor.java:171)
[ERROR] 	at org.apache.maven.lifecycle.internal.MojoExecutor.execute(MojoExecutor.java:163)
[ERROR] 	at org.apache.maven.lifecycle.internal.LifecycleModuleBuilder.buildProject(LifecycleModuleBuilder.java:117)
[ERROR] 	at org.apache.maven.lifecycle.internal.LifecycleModuleBuilder.buildProject(LifecycleModuleBuilder.java:81)
[ERROR] 	at org.apache.maven.lifecycle.internal.builder.singlethreaded.SingleThreadedBuilder.build(SingleThreadedBuilder.java:56)
[ERROR] 	at org.apache.maven.lifecycle.internal.LifecycleStarter.execute(LifecycleStarter.java:128)
[ERROR] 	at org.apache.maven.DefaultMaven.doExecute(DefaultMaven.java:298)
[ERROR] 	at org.apache.maven.DefaultMaven.doExecute(DefaultMaven.java:192)
[ERROR] 	at org.apache.maven.DefaultMaven.execute(DefaultMaven.java:105)
[ERROR] 	at org.apache.maven.cli.MavenCli.execute(MavenCli.java:960)
[ERROR] 	at org.apache.maven.cli.MavenCli.doMain(MavenCli.java:293)
[ERROR] 	at org.apache.maven.cli.MavenCli.main(MavenCli.java:196)
[ERROR] 	at java.base/jdk.internal.reflect.NativeMethodAccessorImpl.invoke0(Native Method)
[ERROR] 	at java.base/jdk.internal.reflect.NativeMethodAccessorImpl.invoke(NativeMethodAccessorImpl.java:77)
[ERROR] 	at java.base/jdk.internal.reflect.DelegatingMethodAccessorImpl.invoke(DelegatingMethodAccessorImpl.java:43)
[ERROR] 	at java.base/java.lang.reflect.Method.invoke(Method.java:568)
[ERROR] 	at org.codehaus.plexus.classworlds.launcher.Launcher.launchEnhanced(Launcher.java:282)
[ERROR] 	at org.codehaus.plexus.classworlds.launcher.Launcher.launch(Launcher.java:225)
[ERROR] 	at org.codehaus.plexus.classworlds.launcher.Launcher.mainWithExitCode(Launcher.java:406)
[ERROR] 	at org.codehaus.plexus.classworlds.launcher.Launcher.main(Launcher.java:347)
[ERROR] Caused by: org.apache.maven.surefire.booter.SurefireBooterForkException: The forked VM terminated without properly saying goodbye. VM crash or System.exit called?
[ERROR] Command was cmd.exe /X /C ""C:\Program Files\Eclipse Adoptium\jdk-17.0.5.8-hotspot\bin\java" "-javaagent:C:\\Users\\chris\\.m2\\repository\\org\\jacoco\\org.jacoco.agent\\0.8.8\\org.jacoco.agent-0.8.8-runtime.jar=destfile=C:\\Users\\chris\\Documents\\Coding - NTNU\\ITP\\gr2340\\ui\\target\\jacoco.exec" -Dtestfx.robot=awt --add-opens ui=ALL-UNNAMED --add-exports javafx.graphics/com.sun.javafx.application=ALL-UNNAMED --add-opens javafx.graphics/com.sun.glass.ui=ALL-UNNAMED --add-exports javafx.graphics/com.sun.glass.ui=ALL-UNNAMED --add-exports javafx.graphics/com.sun.glass.ui.delegate=ALL-UNNAMED @C:\Users\chris\AppData\Local\Temp\surefire11617504130207994908\surefireargs4567854356556580887 C:\Users\chris\AppData\Local\Temp\surefire11617504130207994908 2023-10-09T20-15-58_264-jvmRun1 surefire16048678516322299681tmp surefire_13199171493569319770tmp"
[ERROR] Error occurred in starting fork, check output in log
[ERROR] Process Exit Code: 1
[ERROR] 	at org.apache.maven.plugin.surefire.booterclient.ForkStarter.fork(ForkStarter.java:748)
[ERROR] 	at org.apache.maven.plugin.surefire.booterclient.ForkStarter.access$700(ForkStarter.java:121)
[ERROR] 	at org.apache.maven.plugin.surefire.booterclient.ForkStarter$1.call(ForkStarter.java:393)
[ERROR] 	at org.apache.maven.plugin.surefire.booterclient.ForkStarter$1.call(ForkStarter.java:370)
[ERROR] 	at java.base/java.util.concurrent.FutureTask.run(FutureTask.java:264)
[ERROR] 	at java.base/java.util.concurrent.ThreadPoolExecutor.runWorker(ThreadPoolExecutor.java:1136)
[ERROR] 	at java.base/java.util.concurrent.ThreadPoolExecutor$Worker.run(ThreadPoolExecutor.java:635)
[ERROR] 	at java.base/java.lang.Thread.run(Thread.java:833)
[ERROR] 
[ERROR] -> [Help 1]
[ERROR] 
[ERROR] To see the full stack trace of the errors, re-run Maven with the -e switch.
[ERROR] Re-run Maven using the -X switch to enable full debug logging.
[ERROR] 
[ERROR] For more information about the errors and possible solutions, please read the following articles:
[ERROR] [Help 1] http://cwiki.apache.org/confluence/display/MAVEN/MojoExecutionException
[ERROR] 
[ERROR] After correcting the problems, you can resume the build with the command
[ERROR]   mvn <args> -rf :ui
